::1 - - [10/Sep/2024:02:40:25 +0000] "GET /cepre-asistencia-entrada-mes HTTP/1.1" 200 - "http://localhost:3000/" "Mozilla/5.0 (iPhone; CPU iPhone OS 16_6 like Mac OS X) AppleWebKit/605.1.15 (KHTML, like Gecko) Version/16.6 Mobile/15E148 Safari/604.1"
::1 - - [10/Sep/2024:02:40:39 +0000] "GET / HTTP/1.1" 200 2 "-" "axios/1.7.7"
::1 - - [10/Sep/2024:02:40:59 +0000] "GET / HTTP/1.1" 200 2 "-" "axios/1.7.7"
::1 - - [10/Sep/2024:02:41:19 +0000] "GET / HTTP/1.1" 200 2 "-" "axios/1.7.7"
::1 - - [10/Sep/2024:02:41:39 +0000] "GET / HTTP/1.1" 200 2 "-" "axios/1.7.7"
::1 - - [10/Sep/2024:02:41:59 +0000] "GET / HTTP/1.1" 200 2 "-" "axios/1.7.7"
::1 - - [10/Sep/2024:02:42:19 +0000] "GET / HTTP/1.1" 200 2 "-" "axios/1.7.7"
::1 - - [10/Sep/2024:02:42:26 +0000] "GET /cepre-asistencia-entrada-mes HTTP/1.1" 200 - "http://localhost:3000/" "Mozilla/5.0 (iPhone; CPU iPhone OS 16_6 like Mac OS X) AppleWebKit/605.1.15 (KHTML, like Gecko) Version/16.6 Mobile/15E148 Safari/604.1"
::1 - - [10/Sep/2024:02:42:27 +0000] "GET /cepre-asistencia-entrada-mes HTTP/1.1" 200 - "http://localhost:3000/" "Mozilla/5.0 (iPhone; CPU iPhone OS 16_6 like Mac OS X) AppleWebKit/605.1.15 (KHTML, like Gecko) Version/16.6 Mobile/15E148 Safari/604.1"
::1 - - [10/Sep/2024:02:42:39 +0000] "GET / HTTP/1.1" 200 2 "-" "axios/1.7.7"
::1 - - [10/Sep/2024:02:42:40 +0000] "POST /cepre-login HTTP/1.1" 400 57 "http://localhost:3000/" "Mozilla/5.0 (iPhone; CPU iPhone OS 16_6 like Mac OS X) AppleWebKit/605.1.15 (KHTML, like Gecko) Version/16.6 Mobile/15E148 Safari/604.1"
::1 - - [10/Sep/2024:02:42:59 +0000] "GET / HTTP/1.1" 200 2 "-" "axios/1.7.7"
::1 - - [10/Sep/2024:02:43:03 +0000] "POST /cepre-login HTTP/1.1" 400 57 "http://localhost:3000/" "Mozilla/5.0 (iPhone; CPU iPhone OS 16_6 like Mac OS X) AppleWebKit/605.1.15 (KHTML, like Gecko) Version/16.6 Mobile/15E148 Safari/604.1"
::1 - - [10/Sep/2024:02:43:19 +0000] "GET / HTTP/1.1" 200 2 "-" "axios/1.7.7"
::1 - - [10/Sep/2024:02:43:39 +0000] "GET / HTTP/1.1" 200 2 "-" "axios/1.7.7"
::1 - - [10/Sep/2024:02:43:43 +0000] "POST /cepre-login HTTP/1.1" 200 90 "http://localhost:3000/" "Mozilla/5.0 (iPhone; CPU iPhone OS 16_6 like Mac OS X) AppleWebKit/605.1.15 (KHTML, like Gecko) Version/16.6 Mobile/15E148 Safari/604.1"
::1 - - [10/Sep/2024:02:43:53 +0000] "GET /cepre-asistencia-entrada-mes HTTP/1.1" 200 - "http://localhost:3000/" "Mozilla/5.0 (iPhone; CPU iPhone OS 16_6 like Mac OS X) AppleWebKit/605.1.15 (KHTML, like Gecko) Version/16.6 Mobile/15E148 Safari/604.1"
::1 - - [10/Sep/2024:02:43:59 +0000] "GET / HTTP/1.1" 200 2 "-" "axios/1.7.7"
::1 - - [10/Sep/2024:02:44:19 +0000] "GET / HTTP/1.1" 200 2 "-" "axios/1.7.7"
::1 - - [10/Sep/2024:02:44:39 +0000] "GET / HTTP/1.1" 200 2 "-" "axios/1.7.7"
::1 - - [10/Sep/2024:02:44:42 +0000] "GET /cepre-asistencia-entrada-total HTTP/1.1" 200 - "http://localhost:3000/" "Mozilla/5.0 (iPhone; CPU iPhone OS 16_6 like Mac OS X) AppleWebKit/605.1.15 (KHTML, like Gecko) Version/16.6 Mobile/15E148 Safari/604.1"
::1 - - [10/Sep/2024:02:44:59 +0000] "GET / HTTP/1.1" 200 2 "-" "axios/1.7.7"
::1 - - [10/Sep/2024:02:45:19 +0000] "GET / HTTP/1.1" 200 2 "-" "axios/1.7.7"
::1 - - [10/Sep/2024:02:45:39 +0000] "GET / HTTP/1.1" 200 2 "-" "axios/1.7.7"
::1 - - [10/Sep/2024:02:45:59 +0000] "GET / HTTP/1.1" 200 2 "-" "axios/1.7.7"
::1 - - [10/Sep/2024:02:46:10 +0000] "POST /cepre-login HTTP/1.1" 200 90 "http://localhost:3000/" "Mozilla/5.0 (iPhone; CPU iPhone OS 16_6 like Mac OS X) AppleWebKit/605.1.15 (KHTML, like Gecko) Version/16.6 Mobile/15E148 Safari/604.1"
::1 - - [10/Sep/2024:02:46:14 +0000] "GET /cepre-asistencia-entrada-total HTTP/1.1" 200 - "http://localhost:3000/" "Mozilla/5.0 (iPhone; CPU iPhone OS 16_6 like Mac OS X) AppleWebKit/605.1.15 (KHTML, like Gecko) Version/16.6 Mobile/15E148 Safari/604.1"
::1 - - [10/Sep/2024:02:46:19 +0000] "GET / HTTP/1.1" 200 2 "-" "axios/1.7.7"
::1 - - [10/Sep/2024:02:46:39 +0000] "GET / HTTP/1.1" 200 2 "-" "axios/1.7.7"
::1 - - [10/Sep/2024:02:46:59 +0000] "GET / HTTP/1.1" 200 2 "-" "axios/1.7.7"
::1 - - [10/Sep/2024:02:47:19 +0000] "GET / HTTP/1.1" 200 2 "-" "axios/1.7.7"
::1 - - [10/Sep/2024:02:47:39 +0000] "GET / HTTP/1.1" 200 2 "-" "axios/1.7.7"
::1 - - [10/Sep/2024:02:47:59 +0000] "GET / HTTP/1.1" 200 2 "-" "axios/1.7.7"
::1 - - [10/Sep/2024:02:48:19 +0000] "GET / HTTP/1.1" 200 2 "-" "axios/1.7.7"
::1 - - [10/Sep/2024:02:48:35 +0000] "GET /cepre-asistencia-entrada-total HTTP/1.1" 200 - "http://localhost:3000/" "Mozilla/5.0 (iPhone; CPU iPhone OS 16_6 like Mac OS X) AppleWebKit/605.1.15 (KHTML, like Gecko) Version/16.6 Mobile/15E148 Safari/604.1"
::1 - - [10/Sep/2024:02:48:39 +0000] "GET / HTTP/1.1" 200 2 "-" "axios/1.7.7"
::1 - - [10/Sep/2024:02:48:50 +0000] "POST /cepre-login HTTP/1.1" 200 90 "http://localhost:3000/" "Mozilla/5.0 (iPhone; CPU iPhone OS 16_6 like Mac OS X) AppleWebKit/605.1.15 (KHTML, like Gecko) Version/16.6 Mobile/15E148 Safari/604.1"
::1 - - [10/Sep/2024:02:48:59 +0000] "GET / HTTP/1.1" 200 2 "-" "axios/1.7.7"
::1 - - [10/Sep/2024:02:49:19 +0000] "GET / HTTP/1.1" 200 2 "-" "axios/1.7.7"
::1 - - [10/Sep/2024:02:49:40 +0000] "GET / HTTP/1.1" 200 2 "-" "axios/1.7.7"
::1 - - [10/Sep/2024:02:50:00 +0000] "GET / HTTP/1.1" 200 2 "-" "axios/1.7.7"
::1 - - [10/Sep/2024:02:50:20 +0000] "GET / HTTP/1.1" 200 2 "-" "axios/1.7.7"
::1 - - [10/Sep/2024:02:50:40 +0000] "GET / HTTP/1.1" 200 2 "-" "axios/1.7.7"
::1 - - [10/Sep/2024:02:51:00 +0000] "GET / HTTP/1.1" 200 2 "-" "axios/1.7.7"
::1 - - [10/Sep/2024:02:51:20 +0000] "GET / HTTP/1.1" 200 2 "-" "axios/1.7.7"
::1 - - [10/Sep/2024:02:51:40 +0000] "GET / HTTP/1.1" 200 2 "-" "axios/1.7.7"
::1 - - [10/Sep/2024:02:52:00 +0000] "GET / HTTP/1.1" 200 2 "-" "axios/1.7.7"
::1 - - [10/Sep/2024:02:52:20 +0000] "GET / HTTP/1.1" 200 2 "-" "axios/1.7.7"
::1 - - [10/Sep/2024:02:52:40 +0000] "GET / HTTP/1.1" 200 2 "-" "axios/1.7.7"
::1 - - [10/Sep/2024:02:53:00 +0000] "GET / HTTP/1.1" 200 2 "-" "axios/1.7.7"
::1 - - [10/Sep/2024:02:53:20 +0000] "GET / HTTP/1.1" 200 2 "-" "axios/1.7.7"
::1 - - [10/Sep/2024:02:53:40 +0000] "GET / HTTP/1.1" 200 2 "-" "axios/1.7.7"
::1 - - [10/Sep/2024:02:54:00 +0000] "GET / HTTP/1.1" 200 2 "-" "axios/1.7.7"
::1 - - [10/Sep/2024:02:54:20 +0000] "GET / HTTP/1.1" 200 2 "-" "axios/1.7.7"
::1 - - [10/Sep/2024:02:54:40 +0000] "GET / HTTP/1.1" 200 2 "-" "axios/1.7.7"
::1 - - [10/Sep/2024:02:55:00 +0000] "GET / HTTP/1.1" 200 2 "-" "axios/1.7.7"
::1 - - [10/Sep/2024:04:03:34 +0000] "GET / HTTP/1.1" 200 2 "-" "axios/1.7.7"
::1 - - [10/Sep/2024:04:48:07 +0000] "GET / HTTP/1.1" 200 2 "-" "axios/1.7.7"
::1 - - [10/Sep/2024:04:48:27 +0000] "GET / HTTP/1.1" 200 2 "-" "axios/1.7.7"
::1 - - [10/Sep/2024:04:48:47 +0000] "GET / HTTP/1.1" 200 2 "-" "axios/1.7.7"
::1 - - [10/Sep/2024:04:49:07 +0000] "GET / HTTP/1.1" 200 2 "-" "axios/1.7.7"
::1 - - [10/Sep/2024:04:49:27 +0000] "GET / HTTP/1.1" 200 2 "-" "axios/1.7.7"
::1 - - [10/Sep/2024:04:49:47 +0000] "GET / HTTP/1.1" 200 2 "-" "axios/1.7.7"
::1 - - [10/Sep/2024:04:50:07 +0000] "GET / HTTP/1.1" 200 2 "-" "axios/1.7.7"
::1 - - [10/Sep/2024:04:50:27 +0000] "GET / HTTP/1.1" 200 2 "-" "axios/1.7.7"
::1 - - [10/Sep/2024:04:50:47 +0000] "GET / HTTP/1.1" 200 2 "-" "axios/1.7.7"
::1 - - [10/Sep/2024:04:51:07 +0000] "GET / HTTP/1.1" 200 2 "-" "axios/1.7.7"
::1 - - [10/Sep/2024:04:51:27 +0000] "GET / HTTP/1.1" 200 2 "-" "axios/1.7.7"
::1 - - [10/Sep/2024:04:51:47 +0000] "GET / HTTP/1.1" 200 2 "-" "axios/1.7.7"
::1 - - [10/Sep/2024:04:52:07 +0000] "GET / HTTP/1.1" 200 2 "-" "axios/1.7.7"
::1 - - [10/Sep/2024:04:52:27 +0000] "GET / HTTP/1.1" 200 2 "-" "axios/1.7.7"
::1 - - [10/Sep/2024:04:52:47 +0000] "GET / HTTP/1.1" 200 2 "-" "axios/1.7.7"
::1 - - [10/Sep/2024:04:53:07 +0000] "GET / HTTP/1.1" 200 2 "-" "axios/1.7.7"
::1 - - [10/Sep/2024:04:53:27 +0000] "GET / HTTP/1.1" 200 2 "-" "axios/1.7.7"
::1 - - [10/Sep/2024:04:53:47 +0000] "GET / HTTP/1.1" 200 2 "-" "axios/1.7.7"
::1 - - [10/Sep/2024:04:54:07 +0000] "GET / HTTP/1.1" 200 2 "-" "axios/1.7.7"
::1 - - [10/Sep/2024:04:54:27 +0000] "GET / HTTP/1.1" 200 2 "-" "axios/1.7.7"
::1 - - [10/Sep/2024:04:54:47 +0000] "GET / HTTP/1.1" 200 2 "-" "axios/1.7.7"
::1 - - [10/Sep/2024:04:55:07 +0000] "GET / HTTP/1.1" 200 2 "-" "axios/1.7.7"
::1 - - [10/Sep/2024:04:55:27 +0000] "GET / HTTP/1.1" 200 2 "-" "axios/1.7.7"
::1 - - [10/Sep/2024:04:55:47 +0000] "GET / HTTP/1.1" 200 2 "-" "axios/1.7.7"
::1 - - [10/Sep/2024:04:56:41 +0000] "GET / HTTP/1.1" 200 2 "-" "axios/1.7.7"
::1 - - [10/Sep/2024:04:56:41 +0000] "GET /cepre-consultar-permiso HTTP/1.1" 200 47 "http://localhost:3000/" "Mozilla/5.0 (iPhone; CPU iPhone OS 16_6 like Mac OS X) AppleWebKit/605.1.15 (KHTML, like Gecko) Version/16.6 Mobile/15E148 Safari/604.1"
::1 - - [10/Sep/2024:04:56:53 +0000] "GET /cepre-consultar-permiso HTTP/1.1" 304 - "http://localhost:3000/" "Mozilla/5.0 (iPhone; CPU iPhone OS 16_6 like Mac OS X) AppleWebKit/605.1.15 (KHTML, like Gecko) Version/16.6 Mobile/15E148 Safari/604.1"
::1 - - [10/Sep/2024:04:57:01 +0000] "GET / HTTP/1.1" 200 2 "-" "axios/1.7.7"
::1 - - [10/Sep/2024:04:57:21 +0000] "GET / HTTP/1.1" 200 2 "-" "axios/1.7.7"
::1 - - [10/Sep/2024:04:57:24 +0000] "GET /cepre-consultar-permiso?DNI=60244323 HTTP/1.1" 200 159 "http://localhost:3000/" "Mozilla/5.0 (iPhone; CPU iPhone OS 16_6 like Mac OS X) AppleWebKit/605.1.15 (KHTML, like Gecko) Version/16.6 Mobile/15E148 Safari/604.1"
::1 - - [10/Sep/2024:04:57:41 +0000] "GET / HTTP/1.1" 200 2 "-" "axios/1.7.7"
::1 - - [10/Sep/2024:04:58:01 +0000] "GET / HTTP/1.1" 200 2 "-" "axios/1.7.7"
::1 - - [10/Sep/2024:04:58:21 +0000] "GET / HTTP/1.1" 200 2 "-" "axios/1.7.7"
::1 - - [10/Sep/2024:04:58:41 +0000] "GET / HTTP/1.1" 200 2 "-" "axios/1.7.7"
::1 - - [10/Sep/2024:04:59:01 +0000] "GET / HTTP/1.1" 200 2 "-" "axios/1.7.7"
::1 - - [10/Sep/2024:04:59:21 +0000] "GET / HTTP/1.1" 200 2 "-" "axios/1.7.7"
::1 - - [10/Sep/2024:04:59:22 +0000] "POST /cepre-login HTTP/1.1" 200 90 "http://localhost:3000/" "Mozilla/5.0 (iPhone; CPU iPhone OS 16_6 like Mac OS X) AppleWebKit/605.1.15 (KHTML, like Gecko) Version/16.6 Mobile/15E148 Safari/604.1"
::1 - - [10/Sep/2024:04:59:32 +0000] "GET /cepre-consultar-permiso?DNI=60244323 HTTP/1.1" 304 - "http://localhost:3000/" "Mozilla/5.0 (iPhone; CPU iPhone OS 16_6 like Mac OS X) AppleWebKit/605.1.15 (KHTML, like Gecko) Version/16.6 Mobile/15E148 Safari/604.1"
::1 - - [10/Sep/2024:04:59:41 +0000] "GET / HTTP/1.1" 200 2 "-" "axios/1.7.7"
::1 - - [10/Sep/2024:05:00:01 +0000] "GET / HTTP/1.1" 200 2 "-" "axios/1.7.7"
::1 - - [10/Sep/2024:05:00:21 +0000] "GET / HTTP/1.1" 200 2 "-" "axios/1.7.7"
::1 - - [10/Sep/2024:05:00:41 +0000] "GET / HTTP/1.1" 200 2 "-" "axios/1.7.7"
::1 - - [10/Sep/2024:05:01:01 +0000] "GET / HTTP/1.1" 200 2 "-" "axios/1.7.7"
::1 - - [10/Sep/2024:05:01:19 +0000] "GET /cepre-consultar-permiso?DNI=60244323 HTTP/1.1" 304 - "http://localhost:3000/" "Mozilla/5.0 (iPhone; CPU iPhone OS 16_6 like Mac OS X) AppleWebKit/605.1.15 (KHTML, like Gecko) Version/16.6 Mobile/15E148 Safari/604.1"
::1 - - [10/Sep/2024:05:01:21 +0000] "GET / HTTP/1.1" 200 2 "-" "axios/1.7.7"
::1 - - [10/Sep/2024:05:01:41 +0000] "GET / HTTP/1.1" 200 2 "-" "axios/1.7.7"
::1 - - [10/Sep/2024:05:02:01 +0000] "GET / HTTP/1.1" 200 2 "-" "axios/1.7.7"
::1 - - [10/Sep/2024:05:02:21 +0000] "GET / HTTP/1.1" 200 2 "-" "axios/1.7.7"
::1 - - [10/Sep/2024:05:02:41 +0000] "GET / HTTP/1.1" 200 2 "-" "axios/1.7.7"
::1 - - [10/Sep/2024:05:03:01 +0000] "GET / HTTP/1.1" 200 2 "-" "axios/1.7.7"
::1 - - [10/Sep/2024:05:03:21 +0000] "GET / HTTP/1.1" 200 2 "-" "axios/1.7.7"
::1 - - [10/Sep/2024:05:03:38 +0000] "GET /cepre-consultar-permiso?DNI=60244323 HTTP/1.1" 200 208 "http://localhost:3000/" "Mozilla/5.0 (iPhone; CPU iPhone OS 16_6 like Mac OS X) AppleWebKit/605.1.15 (KHTML, like Gecko) Version/16.6 Mobile/15E148 Safari/604.1"
::1 - - [10/Sep/2024:05:03:57 +0000] "GET / HTTP/1.1" 200 2 "-" "axios/1.7.7"
::1 - - [10/Sep/2024:05:04:01 +0000] "GET /cepre-consultar-permiso?DNI=60244323 HTTP/1.1" 304 - "http://localhost:3000/" "Mozilla/5.0 (iPhone; CPU iPhone OS 16_6 like Mac OS X) AppleWebKit/605.1.15 (KHTML, like Gecko) Version/16.6 Mobile/15E148 Safari/604.1"
::1 - - [10/Sep/2024:05:04:02 +0000] "GET /cepre-consultar-permiso?DNI=60244323 HTTP/1.1" 304 - "http://localhost:3000/" "Mozilla/5.0 (iPhone; CPU iPhone OS 16_6 like Mac OS X) AppleWebKit/605.1.15 (KHTML, like Gecko) Version/16.6 Mobile/15E148 Safari/604.1"
::1 - - [10/Sep/2024:05:04:17 +0000] "GET / HTTP/1.1" 200 2 "-" "axios/1.7.7"
::1 - - [10/Sep/2024:05:04:37 +0000] "GET / HTTP/1.1" 200 2 "-" "axios/1.7.7"
::1 - - [10/Sep/2024:05:04:57 +0000] "GET / HTTP/1.1" 200 2 "-" "axios/1.7.7"
::1 - - [10/Sep/2024:05:05:17 +0000] "GET / HTTP/1.1" 200 2 "-" "axios/1.7.7"
::1 - - [10/Sep/2024:05:05:33 +0000] "POST /cepre-login HTTP/1.1" 200 90 "http://localhost:3000/" "Mozilla/5.0 (iPhone; CPU iPhone OS 16_6 like Mac OS X) AppleWebKit/605.1.15 (KHTML, like Gecko) Version/16.6 Mobile/15E148 Safari/604.1"
::1 - - [10/Sep/2024:05:05:37 +0000] "GET / HTTP/1.1" 200 2 "-" "axios/1.7.7"
::1 - - [10/Sep/2024:05:05:46 +0000] "POST /cepre-login HTTP/1.1" 400 57 "http://localhost:3000/" "Mozilla/5.0 (iPhone; CPU iPhone OS 16_6 like Mac OS X) AppleWebKit/605.1.15 (KHTML, like Gecko) Version/16.6 Mobile/15E148 Safari/604.1"
::1 - - [10/Sep/2024:05:05:57 +0000] "GET / HTTP/1.1" 200 2 "-" "axios/1.7.7"
::1 - - [10/Sep/2024:05:06:12 +0000] "POST /cepre-login HTTP/1.1" 200 90 "http://localhost:3000/" "Mozilla/5.0 (iPhone; CPU iPhone OS 16_6 like Mac OS X) AppleWebKit/605.1.15 (KHTML, like Gecko) Version/16.6 Mobile/15E148 Safari/604.1"
::1 - - [10/Sep/2024:05:06:17 +0000] "GET / HTTP/1.1" 200 2 "-" "axios/1.7.7"
::1 - - [10/Sep/2024:05:06:37 +0000] "GET / HTTP/1.1" 200 2 "-" "axios/1.7.7"
::1 - - [10/Sep/2024:05:06:57 +0000] "GET / HTTP/1.1" 200 2 "-" "axios/1.7.7"
::1 - - [10/Sep/2024:05:07:17 +0000] "GET / HTTP/1.1" 200 2 "-" "axios/1.7.7"
::1 - - [10/Sep/2024:05:07:27 +0000] "POST /cepre-login HTTP/1.1" 200 90 "http://localhost:3000/" "Mozilla/5.0 (iPhone; CPU iPhone OS 16_6 like Mac OS X) AppleWebKit/605.1.15 (KHTML, like Gecko) Version/16.6 Mobile/15E148 Safari/604.1"
::1 - - [10/Sep/2024:05:07:37 +0000] "GET / HTTP/1.1" 200 2 "-" "axios/1.7.7"
::1 - - [10/Sep/2024:05:07:57 +0000] "GET / HTTP/1.1" 200 2 "-" "axios/1.7.7"
::1 - - [10/Sep/2024:05:08:17 +0000] "GET / HTTP/1.1" 200 2 "-" "axios/1.7.7"
::1 - - [10/Sep/2024:05:08:37 +0000] "GET / HTTP/1.1" 200 2 "-" "axios/1.7.7"
::1 - - [10/Sep/2024:05:08:48 +0000] "POST /cepre-login HTTP/1.1" 200 90 "http://localhost:3000/" "Mozilla/5.0 (iPhone; CPU iPhone OS 16_6 like Mac OS X) AppleWebKit/605.1.15 (KHTML, like Gecko) Version/16.6 Mobile/15E148 Safari/604.1"
::1 - - [10/Sep/2024:05:08:57 +0000] "GET / HTTP/1.1" 200 2 "-" "axios/1.7.7"
::1 - - [10/Sep/2024:05:08:58 +0000] "GET /cepre-consultar-permiso?DNI=60244323 HTTP/1.1" 304 - "http://localhost:3000/" "Mozilla/5.0 (iPhone; CPU iPhone OS 16_6 like Mac OS X) AppleWebKit/605.1.15 (KHTML, like Gecko) Version/16.6 Mobile/15E148 Safari/604.1"
::1 - - [10/Sep/2024:05:09:07 +0000] "GET /cepre-consultar-permiso?DNI=60244322 HTTP/1.1" 200 47 "http://localhost:3000/" "Mozilla/5.0 (iPhone; CPU iPhone OS 16_6 like Mac OS X) AppleWebKit/605.1.15 (KHTML, like Gecko) Version/16.6 Mobile/15E148 Safari/604.1"
::1 - - [10/Sep/2024:05:09:17 +0000] "GET / HTTP/1.1" 200 2 "-" "axios/1.7.7"
::1 - - [10/Sep/2024:05:09:37 +0000] "GET / HTTP/1.1" 200 2 "-" "axios/1.7.7"
::1 - - [10/Sep/2024:05:09:57 +0000] "GET / HTTP/1.1" 200 2 "-" "axios/1.7.7"
::1 - - [10/Sep/2024:05:10:17 +0000] "GET / HTTP/1.1" 200 2 "-" "axios/1.7.7"
::1 - - [10/Sep/2024:05:10:37 +0000] "GET / HTTP/1.1" 200 2 "-" "axios/1.7.7"
::1 - - [10/Sep/2024:05:10:57 +0000] "GET / HTTP/1.1" 200 2 "-" "axios/1.7.7"
::1 - - [10/Sep/2024:05:10:57 +0000] "GET /cepre-consultar-permiso?DNI=60244322 HTTP/1.1" 304 - "http://localhost:3000/" "Mozilla/5.0 (iPhone; CPU iPhone OS 16_6 like Mac OS X) AppleWebKit/605.1.15 (KHTML, like Gecko) Version/16.6 Mobile/15E148 Safari/604.1"
::1 - - [10/Sep/2024:05:10:58 +0000] "GET /cepre-consultar-permiso?DNI=60244322 HTTP/1.1" 304 - "http://localhost:3000/" "Mozilla/5.0 (iPhone; CPU iPhone OS 16_6 like Mac OS X) AppleWebKit/605.1.15 (KHTML, like Gecko) Version/16.6 Mobile/15E148 Safari/604.1"
::1 - - [10/Sep/2024:05:11:17 +0000] "GET / HTTP/1.1" 200 2 "-" "axios/1.7.7"
::1 - - [10/Sep/2024:05:11:17 +0000] "GET /cepre-consultar-permiso?DNI=60244322 HTTP/1.1" 304 - "http://localhost:3000/" "Mozilla/5.0 (iPhone; CPU iPhone OS 16_6 like Mac OS X) AppleWebKit/605.1.15 (KHTML, like Gecko) Version/16.6 Mobile/15E148 Safari/604.1"
::1 - - [10/Sep/2024:05:11:37 +0000] "GET / HTTP/1.1" 200 2 "-" "axios/1.7.7"
::1 - - [10/Sep/2024:05:11:38 +0000] "GET /cepre-consultar-permiso?DNI=60244322 HTTP/1.1" 304 - "http://localhost:3000/" "Mozilla/5.0 (iPhone; CPU iPhone OS 16_6 like Mac OS X) AppleWebKit/605.1.15 (KHTML, like Gecko) Version/16.6 Mobile/15E148 Safari/604.1"
::1 - - [10/Sep/2024:05:11:47 +0000] "GET /cepre-consultar-permiso?DNI=60244322 HTTP/1.1" 304 - "http://localhost:3000/" "Mozilla/5.0 (iPhone; CPU iPhone OS 16_6 like Mac OS X) AppleWebKit/605.1.15 (KHTML, like Gecko) Version/16.6 Mobile/15E148 Safari/604.1"
::1 - - [10/Sep/2024:05:11:57 +0000] "GET / HTTP/1.1" 200 2 "-" "axios/1.7.7"
::1 - - [10/Sep/2024:05:12:11 +0000] "GET /cepre-consultar-permiso?DNI=60244322 HTTP/1.1" 304 - "http://localhost:3000/" "Mozilla/5.0 (iPhone; CPU iPhone OS 16_6 like Mac OS X) AppleWebKit/605.1.15 (KHTML, like Gecko) Version/16.6 Mobile/15E148 Safari/604.1"
::1 - - [10/Sep/2024:05:12:17 +0000] "GET / HTTP/1.1" 200 2 "-" "axios/1.7.7"
::1 - - [10/Sep/2024:05:12:27 +0000] "GET /cepre-consultar-permiso?DNI=60244322 HTTP/1.1" 304 - "http://localhost:3000/" "Mozilla/5.0 (iPhone; CPU iPhone OS 16_6 like Mac OS X) AppleWebKit/605.1.15 (KHTML, like Gecko) Version/16.6 Mobile/15E148 Safari/604.1"
::1 - - [10/Sep/2024:05:12:37 +0000] "GET / HTTP/1.1" 200 2 "-" "axios/1.7.7"
::1 - - [10/Sep/2024:05:12:53 +0000] "GET /cepre-consultar-permiso?DNI=60244322 HTTP/1.1" 304 - "http://localhost:3000/" "Mozilla/5.0 (iPhone; CPU iPhone OS 16_6 like Mac OS X) AppleWebKit/605.1.15 (KHTML, like Gecko) Version/16.6 Mobile/15E148 Safari/604.1"
::1 - - [10/Sep/2024:05:12:57 +0000] "GET / HTTP/1.1" 200 2 "-" "axios/1.7.7"
::1 - - [10/Sep/2024:05:13:04 +0000] "GET /cepre-consultar-permiso?DNI=6024433 HTTP/1.1" 200 47 "http://localhost:3000/" "Mozilla/5.0 (iPhone; CPU iPhone OS 16_6 like Mac OS X) AppleWebKit/605.1.15 (KHTML, like Gecko) Version/16.6 Mobile/15E148 Safari/604.1"
::1 - - [10/Sep/2024:05:13:16 +0000] "GET /cepre-consultar-permiso?DNI=60244323 HTTP/1.1" 304 - "http://localhost:3000/" "Mozilla/5.0 (iPhone; CPU iPhone OS 16_6 like Mac OS X) AppleWebKit/605.1.15 (KHTML, like Gecko) Version/16.6 Mobile/15E148 Safari/604.1"
::1 - - [10/Sep/2024:05:13:17 +0000] "GET / HTTP/1.1" 200 2 "-" "axios/1.7.7"
::1 - - [10/Sep/2024:05:13:37 +0000] "GET / HTTP/1.1" 200 2 "-" "axios/1.7.7"
::1 - - [10/Sep/2024:05:13:57 +0000] "GET / HTTP/1.1" 200 2 "-" "axios/1.7.7"
::1 - - [10/Sep/2024:05:14:17 +0000] "GET / HTTP/1.1" 200 2 "-" "axios/1.7.7"
::1 - - [10/Sep/2024:05:14:37 +0000] "GET / HTTP/1.1" 200 2 "-" "axios/1.7.7"
::1 - - [10/Sep/2024:05:14:57 +0000] "GET / HTTP/1.1" 200 2 "-" "axios/1.7.7"
::1 - - [10/Sep/2024:05:15:17 +0000] "GET / HTTP/1.1" 200 2 "-" "axios/1.7.7"
::1 - - [10/Sep/2024:05:15:37 +0000] "GET / HTTP/1.1" 200 2 "-" "axios/1.7.7"
::1 - - [10/Sep/2024:05:15:57 +0000] "GET / HTTP/1.1" 200 2 "-" "axios/1.7.7"
::1 - - [10/Sep/2024:05:16:17 +0000] "GET / HTTP/1.1" 200 2 "-" "axios/1.7.7"
::1 - - [10/Sep/2024:05:16:25 +0000] "GET /cepre-obtener-asisntencia-estudiante?DNI=60244323 HTTP/1.1" 304 - "http://localhost:3000/" "Mozilla/5.0 (Windows NT 10.0; Win64; x64) AppleWebKit/537.36 (KHTML, like Gecko) Chrome/128.0.0.0 Safari/537.36"
::1 - - [10/Sep/2024:05:16:37 +0000] "GET / HTTP/1.1" 200 2 "-" "axios/1.7.7"
::1 - - [10/Sep/2024:05:16:57 +0000] "GET / HTTP/1.1" 200 2 "-" "axios/1.7.7"
::1 - - [10/Sep/2024:05:17:17 +0000] "GET / HTTP/1.1" 200 2 "-" "axios/1.7.7"
::1 - - [10/Sep/2024:05:17:37 +0000] "GET / HTTP/1.1" 200 2 "-" "axios/1.7.7"
::1 - - [10/Sep/2024:05:17:57 +0000] "GET / HTTP/1.1" 200 2 "-" "axios/1.7.7"
::1 - - [10/Sep/2024:05:18:17 +0000] "GET / HTTP/1.1" 200 2 "-" "axios/1.7.7"
::1 - - [10/Sep/2024:05:18:37 +0000] "GET / HTTP/1.1" 200 2 "-" "axios/1.7.7"
::1 - - [10/Sep/2024:05:18:57 +0000] "GET / HTTP/1.1" 200 2 "-" "axios/1.7.7"
::1 - - [10/Sep/2024:05:19:17 +0000] "GET / HTTP/1.1" 200 2 "-" "axios/1.7.7"
::1 - - [10/Sep/2024:05:19:19 +0000] "GET /cepre-obtener-asisntencia-estudiante?DNI=60244323 HTTP/1.1" 304 - "http://localhost:3000/" "Mozilla/5.0 (iPhone; CPU iPhone OS 16_6 like Mac OS X) AppleWebKit/605.1.15 (KHTML, like Gecko) Version/16.6 Mobile/15E148 Safari/604.1"
::1 - - [10/Sep/2024:05:19:37 +0000] "GET / HTTP/1.1" 200 2 "-" "axios/1.7.7"
::1 - - [10/Sep/2024:05:19:57 +0000] "GET / HTTP/1.1" 200 2 "-" "axios/1.7.7"
::1 - - [10/Sep/2024:05:20:17 +0000] "GET / HTTP/1.1" 200 2 "-" "axios/1.7.7"
::1 - - [10/Sep/2024:05:20:37 +0000] "GET / HTTP/1.1" 200 2 "-" "axios/1.7.7"
::1 - - [10/Sep/2024:05:20:57 +0000] "GET / HTTP/1.1" 200 2 "-" "axios/1.7.7"
::1 - - [10/Sep/2024:05:21:17 +0000] "GET / HTTP/1.1" 200 2 "-" "axios/1.7.7"
::1 - - [10/Sep/2024:05:21:37 +0000] "GET / HTTP/1.1" 200 2 "-" "axios/1.7.7"
::1 - - [10/Sep/2024:05:21:57 +0000] "GET / HTTP/1.1" 200 2 "-" "axios/1.7.7"
::1 - - [10/Sep/2024:05:22:17 +0000] "GET / HTTP/1.1" 200 2 "-" "axios/1.7.7"
::1 - - [10/Sep/2024:05:22:37 +0000] "GET / HTTP/1.1" 200 2 "-" "axios/1.7.7"
::1 - - [10/Sep/2024:05:22:57 +0000] "GET / HTTP/1.1" 200 2 "-" "axios/1.7.7"
::1 - - [10/Sep/2024:05:23:17 +0000] "GET / HTTP/1.1" 200 2 "-" "axios/1.7.7"
::1 - - [10/Sep/2024:05:23:37 +0000] "GET / HTTP/1.1" 200 2 "-" "axios/1.7.7"
::1 - - [10/Sep/2024:05:23:57 +0000] "GET / HTTP/1.1" 200 2 "-" "axios/1.7.7"
::1 - - [10/Sep/2024:05:24:17 +0000] "GET / HTTP/1.1" 200 2 "-" "axios/1.7.7"
::1 - - [10/Sep/2024:05:24:47 +0000] "GET / HTTP/1.1" 200 2 "-" "axios/1.7.7"
::1 - - [10/Sep/2024:05:25:07 +0000] "GET / HTTP/1.1" 200 2 "-" "axios/1.7.7"
::1 - - [10/Sep/2024:05:25:27 +0000] "GET / HTTP/1.1" 200 2 "-" "axios/1.7.7"
::1 - - [10/Sep/2024:05:25:47 +0000] "GET / HTTP/1.1" 200 2 "-" "axios/1.7.7"
::1 - - [10/Sep/2024:05:26:51 +0000] "GET / HTTP/1.1" 200 2 "-" "axios/1.7.7"
::1 - - [10/Sep/2024:05:27:11 +0000] "GET / HTTP/1.1" 200 2 "-" "axios/1.7.7"
::1 - - [10/Sep/2024:05:27:31 +0000] "GET / HTTP/1.1" 200 2 "-" "axios/1.7.7"
::1 - - [10/Sep/2024:05:27:51 +0000] "GET / HTTP/1.1" 200 2 "-" "axios/1.7.7"
::1 - - [10/Sep/2024:05:28:06 +0000] "GET /cepre-marcar-faltas HTTP/1.1" 500 43 "-" "Mozilla/5.0 (Windows NT 10.0; Win64; x64) AppleWebKit/537.36 (KHTML, like Gecko) Chrome/128.0.0.0 Safari/537.36"
::1 - - [10/Sep/2024:05:29:01 +0000] "GET /cepre-marcar-faltas HTTP/1.1" 200 11 "-" "Mozilla/5.0 (Windows NT 10.0; Win64; x64) AppleWebKit/537.36 (KHTML, like Gecko) Chrome/128.0.0.0 Safari/537.36"
::1 - - [10/Sep/2024:05:29:08 +0000] "GET /cepre-marcar-faltas HTTP/1.1" 304 - "-" "Mozilla/5.0 (Windows NT 10.0; Win64; x64) AppleWebKit/537.36 (KHTML, like Gecko) Chrome/128.0.0.0 Safari/537.36"
::1 - - [10/Sep/2024:05:29:27 +0000] "GET / HTTP/1.1" 200 2 "-" "axios/1.7.7"
::1 - - [10/Sep/2024:05:29:47 +0000] "GET / HTTP/1.1" 200 2 "-" "axios/1.7.7"
::1 - - [10/Sep/2024:05:30:07 +0000] "GET / HTTP/1.1" 200 2 "-" "axios/1.7.7"
::1 - - [10/Sep/2024:05:30:27 +0000] "GET / HTTP/1.1" 200 2 "-" "axios/1.7.7"
::1 - - [10/Sep/2024:05:30:47 +0000] "GET / HTTP/1.1" 200 2 "-" "axios/1.7.7"
::1 - - [10/Sep/2024:05:31:00 +0000] "GET /cepre-marcar-faltas HTTP/1.1" 304 - "-" "Mozilla/5.0 (Windows NT 10.0; Win64; x64) AppleWebKit/537.36 (KHTML, like Gecko) Chrome/128.0.0.0 Safari/537.36"
::1 - - [10/Sep/2024:05:31:07 +0000] "GET / HTTP/1.1" 200 2 "-" "axios/1.7.7"
::1 - - [10/Sep/2024:05:31:15 +0000] "GET /cepre-marcar-faltas HTTP/1.1" 304 - "-" "Mozilla/5.0 (Windows NT 10.0; Win64; x64) AppleWebKit/537.36 (KHTML, like Gecko) Chrome/128.0.0.0 Safari/537.36"
::1 - - [10/Sep/2024:05:31:34 +0000] "GET / HTTP/1.1" 200 2 "-" "axios/1.7.7"
::1 - - [10/Sep/2024:05:31:55 +0000] "GET /cepre-marcar-faltas HTTP/1.1" 304 - "-" "Mozilla/5.0 (Windows NT 10.0; Win64; x64) AppleWebKit/537.36 (KHTML, like Gecko) Chrome/128.0.0.0 Safari/537.36"
::1 - - [10/Sep/2024:05:32:07 +0000] "GET /cepre-marcar-faltas HTTP/1.1" 304 - "-" "Mozilla/5.0 (Windows NT 10.0; Win64; x64) AppleWebKit/537.36 (KHTML, like Gecko) Chrome/128.0.0.0 Safari/537.36"
::1 - - [10/Sep/2024:05:32:17 +0000] "GET /cepre-marcar-faltas HTTP/1.1" 304 - "-" "Mozilla/5.0 (Windows NT 10.0; Win64; x64) AppleWebKit/537.36 (KHTML, like Gecko) Chrome/128.0.0.0 Safari/537.36"
::1 - - [10/Sep/2024:05:32:31 +0000] "GET /cepre-marcar-faltas HTTP/1.1" 304 - "-" "Mozilla/5.0 (Windows NT 10.0; Win64; x64) AppleWebKit/537.36 (KHTML, like Gecko) Chrome/128.0.0.0 Safari/537.36"
::1 - - [10/Sep/2024:05:33:03 +0000] "GET /cepre-marcar-faltas HTTP/1.1" 304 - "-" "Mozilla/5.0 (Windows NT 10.0; Win64; x64) AppleWebKit/537.36 (KHTML, like Gecko) Chrome/128.0.0.0 Safari/537.36"
::1 - - [10/Sep/2024:05:33:22 +0000] "GET / HTTP/1.1" 200 2 "-" "axios/1.7.7"
::1 - - [10/Sep/2024:05:33:42 +0000] "GET / HTTP/1.1" 200 2 "-" "axios/1.7.7"
::1 - - [10/Sep/2024:05:34:02 +0000] "GET / HTTP/1.1" 200 2 "-" "axios/1.7.7"
::1 - - [10/Sep/2024:05:34:22 +0000] "GET / HTTP/1.1" 200 2 "-" "axios/1.7.7"
::1 - - [10/Sep/2024:05:34:42 +0000] "GET / HTTP/1.1" 200 2 "-" "axios/1.7.7"
::1 - - [10/Sep/2024:05:35:02 +0000] "GET / HTTP/1.1" 200 2 "-" "axios/1.7.7"
::1 - - [10/Sep/2024:05:35:22 +0000] "GET / HTTP/1.1" 200 2 "-" "axios/1.7.7"
::1 - - [10/Sep/2024:05:35:42 +0000] "GET / HTTP/1.1" 200 2 "-" "axios/1.7.7"
::1 - - [10/Sep/2024:05:36:02 +0000] "GET / HTTP/1.1" 200 2 "-" "axios/1.7.7"
::1 - - [10/Sep/2024:05:36:22 +0000] "GET / HTTP/1.1" 200 2 "-" "axios/1.7.7"
::1 - - [10/Sep/2024:05:36:42 +0000] "GET / HTTP/1.1" 200 2 "-" "axios/1.7.7"
::1 - - [10/Sep/2024:05:37:02 +0000] "GET / HTTP/1.1" 200 2 "-" "axios/1.7.7"
::1 - - [10/Sep/2024:05:37:22 +0000] "GET / HTTP/1.1" 200 2 "-" "axios/1.7.7"
::1 - - [10/Sep/2024:05:37:42 +0000] "GET / HTTP/1.1" 200 2 "-" "axios/1.7.7"
::1 - - [10/Sep/2024:05:38:03 +0000] "GET / HTTP/1.1" 200 2 "-" "axios/1.7.7"
::1 - - [10/Sep/2024:05:38:23 +0000] "GET / HTTP/1.1" 200 2 "-" "axios/1.7.7"
::1 - - [10/Sep/2024:05:38:45 +0000] "GET /cepre-marcar-faltas HTTP/1.1" 500 7092 "-" "Mozilla/5.0 (Windows NT 10.0; Win64; x64) AppleWebKit/537.36 (KHTML, like Gecko) Chrome/128.0.0.0 Safari/537.36"
::1 - - [10/Sep/2024:05:40:11 +0000] "GET / HTTP/1.1" 200 2 "-" "axios/1.7.7"
::1 - - [10/Sep/2024:05:40:31 +0000] "GET / HTTP/1.1" 200 2 "-" "axios/1.7.7"
::1 - - [10/Sep/2024:05:40:51 +0000] "GET / HTTP/1.1" 200 2 "-" "axios/1.7.7"
::1 - - [10/Sep/2024:05:41:11 +0000] "GET / HTTP/1.1" 200 2 "-" "axios/1.7.7"
::1 - - [10/Sep/2024:05:41:51 +0000] "GET / HTTP/1.1" 200 2 "-" "axios/1.7.7"
::1 - - [10/Sep/2024:05:42:11 +0000] "GET / HTTP/1.1" 200 2 "-" "axios/1.7.7"
::1 - - [10/Sep/2024:05:42:38 +0000] "GET / HTTP/1.1" 200 2 "-" "axios/1.7.7"
::1 - - [10/Sep/2024:05:42:58 +0000] "GET / HTTP/1.1" 200 2 "-" "axios/1.7.7"
::1 - - [10/Sep/2024:05:42:59 +0000] "GET /cepre-obtener-asisntencia-estudiante?DNI=60244323 HTTP/1.1" 200 134 "http://localhost:3000/" "Mozilla/5.0 (iPhone; CPU iPhone OS 16_6 like Mac OS X) AppleWebKit/605.1.15 (KHTML, like Gecko) Version/16.6 Mobile/15E148 Safari/604.1"
::1 - - [10/Sep/2024:05:43:18 +0000] "GET / HTTP/1.1" 200 2 "-" "axios/1.7.7"
::1 - - [10/Sep/2024:05:43:38 +0000] "GET / HTTP/1.1" 200 2 "-" "axios/1.7.7"
::1 - - [10/Sep/2024:05:43:58 +0000] "GET / HTTP/1.1" 200 2 "-" "axios/1.7.7"
::1 - - [10/Sep/2024:05:44:11 +0000] "GET /cepre-obtener-asisntencia-estudiante?DNI=60244323 HTTP/1.1" 304 - "http://localhost:3000/" "Mozilla/5.0 (iPhone; CPU iPhone OS 16_6 like Mac OS X) AppleWebKit/605.1.15 (KHTML, like Gecko) Version/16.6 Mobile/15E148 Safari/604.1"
::1 - - [10/Sep/2024:05:44:18 +0000] "GET / HTTP/1.1" 200 2 "-" "axios/1.7.7"
::1 - - [10/Sep/2024:05:44:38 +0000] "GET / HTTP/1.1" 200 2 "-" "axios/1.7.7"
::1 - - [10/Sep/2024:05:44:58 +0000] "GET / HTTP/1.1" 200 2 "-" "axios/1.7.7"
::1 - - [10/Sep/2024:05:45:18 +0000] "GET / HTTP/1.1" 200 2 "-" "axios/1.7.7"
::1 - - [10/Sep/2024:05:45:38 +0000] "GET / HTTP/1.1" 200 2 "-" "axios/1.7.7"
::1 - - [10/Sep/2024:05:45:58 +0000] "GET / HTTP/1.1" 200 2 "-" "axios/1.7.7"
::1 - - [10/Sep/2024:05:46:18 +0000] "GET / HTTP/1.1" 200 2 "-" "axios/1.7.7"
::1 - - [10/Sep/2024:05:46:28 +0000] "GET /cepre-obtener-asisntencia-estudiante?DNI=60010669 HTTP/1.1" 200 142 "http://localhost:3000/" "Mozilla/5.0 (iPhone; CPU iPhone OS 16_6 like Mac OS X) AppleWebKit/605.1.15 (KHTML, like Gecko) Version/16.6 Mobile/15E148 Safari/604.1"
::1 - - [10/Sep/2024:05:46:38 +0000] "GET / HTTP/1.1" 200 2 "-" "axios/1.7.7"
::1 - - [10/Sep/2024:05:46:58 +0000] "GET / HTTP/1.1" 200 2 "-" "axios/1.7.7"
::1 - - [10/Sep/2024:05:47:18 +0000] "GET / HTTP/1.1" 200 2 "-" "axios/1.7.7"
